<?xml version="1.0" encoding="UTF-8"?>
<Site BuildName="Windows-AMD64-Experimental"
	BuildStamp="20220330-1413-Experimental"
	Name="LAPTOP-O3DLNS46"
	Generator="ctest-3.17.0-rc1"
	CompilerName=""
	CompilerVersion=""
	OSName="Windows"
	Hostname="LAPTOP-O3DLNS46"
	OSRelease=" Personal"
	OSVersion=" (Build 22000)"
	OSPlatform="AMD64"
	Is64Bits="1"
	VendorString="GenuineIntel"
	VendorID="Intel Corporation"
	FamilyID="6"
	ModelID="14"
	ProcessorCacheSize="-1"
	NumberOfLogicalCPU="8"
	NumberOfPhysicalCPU="4"
	TotalVirtualMemory="37552"
	TotalPhysicalMemory="32688"
	LogicalProcessorsPerPhysical="2"
	ProcessorClockFrequency="2400"
	>
	<Build>
		<StartDateTime>Mar 30 17:13 RTZ 2 (ceia)</StartDateTime>
		<StartBuildTime>1648649618</StartBuildTime>
		<BuildCommand>"C:\Program Files\CMake\bin\cmake.exe" --build . --config "Debug"</BuildCommand>
		<Warning>
			<BuildLogLine>7</BuildLogLine>
			<Text>C:\Users\white\source\repos\Dev_tools\devtools-course-practice\3rdparty\gtest/gtest.h(9691,46): warning C4996: 'std::tr1': warning STL4002: The non-Standard std::tr1 namespace and TR1-only machinery are deprecated and will be REMOVED. You can define _SILENCE_TR1_NAMESPACE_DEPRECATION_WARNING to acknowledge that you have received this warning. [C:\Users\white\source\repos\Dev_tools\devtools-course-practice\dashboard\build\3rdparty\gtest\gtest.vcxproj]</Text>
			<PreContext>Microsoft (R) Build Engine версии 16.3.1+1def00d3d для .NET Framework
(C) Корпорация Майкрософт (Microsoft Corporation). Все права защищены.

  Checking Build System
  Building Custom Rule /.../devtools-course-practice/3rdparty/gtest/CMakeLists.txt
  gtest-all.cc
</PreContext>
			<PostContext>C:\Program Files (x86)\Microsoft Visual Studio\2019\Community\VC\Tools\MSVC\14.23.28105\include\tuple(904): message : см. объявление "std::tr1" [C:\Users\white\source\repos\Dev_tools\devtools-course-practice\dashboard\build\3rdparty\gtest\gtest.vcxproj]
</PostContext>
			<RepeatCount>0</RepeatCount>
		</Warning>
		<Warning>
			<BuildLogLine>9</BuildLogLine>
			<Text>C:\Users\white\source\repos\Dev_tools\devtools-course-practice\3rdparty\gtest/gtest.h(9696,1): warning C4996: 'std::tr1': warning STL4002: The non-Standard std::tr1 namespace and TR1-only machinery are deprecated and will be REMOVED. You can define _SILENCE_TR1_NAMESPACE_DEPRECATION_WARNING to acknowledge that you have received this warning. [C:\Users\white\source\repos\Dev_tools\devtools-course-practice\dashboard\build\3rdparty\gtest\gtest.vcxproj]</Text>
			<PreContext></PreContext>
			<PostContext>C:\Program Files (x86)\Microsoft Visual Studio\2019\Community\VC\Tools\MSVC\14.23.28105\include\tuple(904): message : см. объявление "std::tr1" [C:\Users\white\source\repos\Dev_tools\devtools-course-practice\dashboard\build\3rdparty\gtest\gtest.vcxproj]
</PostContext>
			<RepeatCount>0</RepeatCount>
		</Warning>
		<Warning>
			<BuildLogLine>11</BuildLogLine>
			<Text>C:\Users\white\source\repos\Dev_tools\devtools-course-practice\3rdparty\gtest/gtest.h(9701,1): warning C4996: 'std::tr1': warning STL4002: The non-Standard std::tr1 namespace and TR1-only machinery are deprecated and will be REMOVED. You can define _SILENCE_TR1_NAMESPACE_DEPRECATION_WARNING to acknowledge that you have received this warning. [C:\Users\white\source\repos\Dev_tools\devtools-course-practice\dashboard\build\3rdparty\gtest\gtest.vcxproj]</Text>
			<PreContext></PreContext>
			<PostContext>C:\Program Files (x86)\Microsoft Visual Studio\2019\Community\VC\Tools\MSVC\14.23.28105\include\tuple(904): message : см. объявление "std::tr1" [C:\Users\white\source\repos\Dev_tools\devtools-course-practice\dashboard\build\3rdparty\gtest\gtest.vcxproj]
</PostContext>
			<RepeatCount>0</RepeatCount>
		</Warning>
		<Warning>
			<BuildLogLine>13</BuildLogLine>
			<Text>C:\Users\white\source\repos\Dev_tools\devtools-course-practice\3rdparty\gtest/gtest.h(9706,1): warning C4996: 'std::tr1': warning STL4002: The non-Standard std::tr1 namespace and TR1-only machinery are deprecated and will be REMOVED. You can define _SILENCE_TR1_NAMESPACE_DEPRECATION_WARNING to acknowledge that you have received this warning. [C:\Users\white\source\repos\Dev_tools\devtools-course-practice\dashboard\build\3rdparty\gtest\gtest.vcxproj]</Text>
			<PreContext></PreContext>
			<PostContext>C:\Program Files (x86)\Microsoft Visual Studio\2019\Community\VC\Tools\MSVC\14.23.28105\include\tuple(904): message : см. объявление "std::tr1" [C:\Users\white\source\repos\Dev_tools\devtools-course-practice\dashboard\build\3rdparty\gtest\gtest.vcxproj]
</PostContext>
			<RepeatCount>0</RepeatCount>
		</Warning>
		<Warning>
			<BuildLogLine>15</BuildLogLine>
			<Text>C:\Users\white\source\repos\Dev_tools\devtools-course-practice\3rdparty\gtest/gtest.h(9711,1): warning C4996: 'std::tr1': warning STL4002: The non-Standard std::tr1 namespace and TR1-only machinery are deprecated and will be REMOVED. You can define _SILENCE_TR1_NAMESPACE_DEPRECATION_WARNING to acknowledge that you have received this warning. [C:\Users\white\source\repos\Dev_tools\devtools-course-practice\dashboard\build\3rdparty\gtest\gtest.vcxproj]</Text>
			<PreContext></PreContext>
			<PostContext>C:\Program Files (x86)\Microsoft Visual Studio\2019\Community\VC\Tools\MSVC\14.23.28105\include\tuple(904): message : см. объявление "std::tr1" [C:\Users\white\source\repos\Dev_tools\devtools-course-practice\dashboard\build\3rdparty\gtest\gtest.vcxproj]
</PostContext>
			<RepeatCount>0</RepeatCount>
		</Warning>
		<Warning>
			<BuildLogLine>17</BuildLogLine>
			<Text>C:\Users\white\source\repos\Dev_tools\devtools-course-practice\3rdparty\gtest/gtest.h(9716,1): warning C4996: 'std::tr1': warning STL4002: The non-Standard std::tr1 namespace and TR1-only machinery are deprecated and will be REMOVED. You can define _SILENCE_TR1_NAMESPACE_DEPRECATION_WARNING to acknowledge that you have received this warning. [C:\Users\white\source\repos\Dev_tools\devtools-course-practice\dashboard\build\3rdparty\gtest\gtest.vcxproj]</Text>
			<PreContext></PreContext>
			<PostContext>C:\Program Files (x86)\Microsoft Visual Studio\2019\Community\VC\Tools\MSVC\14.23.28105\include\tuple(904): message : см. объявление "std::tr1" [C:\Users\white\source\repos\Dev_tools\devtools-course-practice\dashboard\build\3rdparty\gtest\gtest.vcxproj]
</PostContext>
			<RepeatCount>0</RepeatCount>
		</Warning>
		<Warning>
			<BuildLogLine>19</BuildLogLine>
			<Text>C:\Users\white\source\repos\Dev_tools\devtools-course-practice\3rdparty\gtest/gtest.h(9723,1): warning C4996: 'std::tr1': warning STL4002: The non-Standard std::tr1 namespace and TR1-only machinery are deprecated and will be REMOVED. You can define _SILENCE_TR1_NAMESPACE_DEPRECATION_WARNING to acknowledge that you have received this warning. [C:\Users\white\source\repos\Dev_tools\devtools-course-practice\dashboard\build\3rdparty\gtest\gtest.vcxproj]</Text>
			<PreContext></PreContext>
			<PostContext>C:\Program Files (x86)\Microsoft Visual Studio\2019\Community\VC\Tools\MSVC\14.23.28105\include\tuple(904): message : см. объявление "std::tr1" [C:\Users\white\source\repos\Dev_tools\devtools-course-practice\dashboard\build\3rdparty\gtest\gtest.vcxproj]
</PostContext>
			<RepeatCount>0</RepeatCount>
		</Warning>
		<Warning>
			<BuildLogLine>21</BuildLogLine>
			<Text>C:\Users\white\source\repos\Dev_tools\devtools-course-practice\3rdparty\gtest/gtest.h(9730,1): warning C4996: 'std::tr1': warning STL4002: The non-Standard std::tr1 namespace and TR1-only machinery are deprecated and will be REMOVED. You can define _SILENCE_TR1_NAMESPACE_DEPRECATION_WARNING to acknowledge that you have received this warning. [C:\Users\white\source\repos\Dev_tools\devtools-course-practice\dashboard\build\3rdparty\gtest\gtest.vcxproj]</Text>
			<PreContext></PreContext>
			<PostContext>C:\Program Files (x86)\Microsoft Visual Studio\2019\Community\VC\Tools\MSVC\14.23.28105\include\tuple(904): message : см. объявление "std::tr1" [C:\Users\white\source\repos\Dev_tools\devtools-course-practice\dashboard\build\3rdparty\gtest\gtest.vcxproj]
</PostContext>
			<RepeatCount>0</RepeatCount>
		</Warning>
		<Warning>
			<BuildLogLine>23</BuildLogLine>
			<Text>C:\Users\white\source\repos\Dev_tools\devtools-course-practice\3rdparty\gtest/gtest.h(9737,1): warning C4996: 'std::tr1': warning STL4002: The non-Standard std::tr1 namespace and TR1-only machinery are deprecated and will be REMOVED. You can define _SILENCE_TR1_NAMESPACE_DEPRECATION_WARNING to acknowledge that you have received this warning. [C:\Users\white\source\repos\Dev_tools\devtools-course-practice\dashboard\build\3rdparty\gtest\gtest.vcxproj]</Text>
			<PreContext></PreContext>
			<PostContext>C:\Program Files (x86)\Microsoft Visual Studio\2019\Community\VC\Tools\MSVC\14.23.28105\include\tuple(904): message : см. объявление "std::tr1" [C:\Users\white\source\repos\Dev_tools\devtools-course-practice\dashboard\build\3rdparty\gtest\gtest.vcxproj]
</PostContext>
			<RepeatCount>0</RepeatCount>
		</Warning>
		<Warning>
			<BuildLogLine>25</BuildLogLine>
			<Text>C:\Users\white\source\repos\Dev_tools\devtools-course-practice\3rdparty\gtest/gtest.h(9744,1): warning C4996: 'std::tr1': warning STL4002: The non-Standard std::tr1 namespace and TR1-only machinery are deprecated and will be REMOVED. You can define _SILENCE_TR1_NAMESPACE_DEPRECATION_WARNING to acknowledge that you have received this warning. [C:\Users\white\source\repos\Dev_tools\devtools-course-practice\dashboard\build\3rdparty\gtest\gtest.vcxproj]</Text>
			<PreContext></PreContext>
			<PostContext>C:\Program Files (x86)\Microsoft Visual Studio\2019\Community\VC\Tools\MSVC\14.23.28105\include\tuple(904): message : см. объявление "std::tr1" [C:\Users\white\source\repos\Dev_tools\devtools-course-practice\dashboard\build\3rdparty\gtest\gtest.vcxproj]
</PostContext>
			<RepeatCount>0</RepeatCount>
		</Warning>
		<Warning>
			<BuildLogLine>27</BuildLogLine>
			<Text>C:\Users\white\source\repos\Dev_tools\devtools-course-practice\3rdparty\gtest/gtest.h(9752,1): warning C4996: 'std::tr1': warning STL4002: The non-Standard std::tr1 namespace and TR1-only machinery are deprecated and will be REMOVED. You can define _SILENCE_TR1_NAMESPACE_DEPRECATION_WARNING to acknowledge that you have received this warning. [C:\Users\white\source\repos\Dev_tools\devtools-course-practice\dashboard\build\3rdparty\gtest\gtest.vcxproj]</Text>
			<PreContext></PreContext>
			<PostContext>C:\Program Files (x86)\Microsoft Visual Studio\2019\Community\VC\Tools\MSVC\14.23.28105\include\tuple(904): message : см. объявление "std::tr1" [C:\Users\white\source\repos\Dev_tools\devtools-course-practice\dashboard\build\3rdparty\gtest\gtest.vcxproj]
</PostContext>
			<RepeatCount>0</RepeatCount>
		</Warning>
		<Warning>
			<BuildLogLine>29</BuildLogLine>
			<Text>C:\Users\white\source\repos\Dev_tools\devtools-course-practice\3rdparty\gtest/gtest.h(13779,2): warning C4996: 'std::tr1': warning STL4002: The non-Standard std::tr1 namespace and TR1-only machinery are deprecated and will be REMOVED. You can define _SILENCE_TR1_NAMESPACE_DEPRECATION_WARNING to acknowledge that you have received this warning. [C:\Users\white\source\repos\Dev_tools\devtools-course-practice\dashboard\build\3rdparty\gtest\gtest.vcxproj]</Text>
			<PreContext></PreContext>
			<PostContext>C:\Program Files (x86)\Microsoft Visual Studio\2019\Community\VC\Tools\MSVC\14.23.28105\include\tuple(904): message : см. объявление "std::tr1" [C:\Users\white\source\repos\Dev_tools\devtools-course-practice\dashboard\build\3rdparty\gtest\gtest.vcxproj]
C:\Users\white\source\repos\Dev_tools\devtools-course-practice\3rdparty\gtest/gtest.h(13889): message : выполняется компиляция ссылки на экземпляр класс шаблон функции "testing::internal::CartesianProductGenerator2&lt;T1,T2&gt;" [C:\Users\white\source\repos\Dev_tools\devtools-course-practice\dashboard\build\3rdparty\gtest\gtest.vcxproj]
</PostContext>
			<RepeatCount>0</RepeatCount>
		</Warning>
		<Warning>
			<BuildLogLine>32</BuildLogLine>
			<Text>C:\Users\white\source\repos\Dev_tools\devtools-course-practice\3rdparty\gtest/gtest.h(13781,1): warning C4996: 'std::tr1': warning STL4002: The non-Standard std::tr1 namespace and TR1-only machinery are deprecated and will be REMOVED. You can define _SILENCE_TR1_NAMESPACE_DEPRECATION_WARNING to acknowledge that you have received this warning. [C:\Users\white\source\repos\Dev_tools\devtools-course-practice\dashboard\build\3rdparty\gtest\gtest.vcxproj]</Text>
			<PreContext></PreContext>
			<PostContext>C:\Program Files (x86)\Microsoft Visual Studio\2019\Community\VC\Tools\MSVC\14.23.28105\include\tuple(904): message : см. объявление "std::tr1" [C:\Users\white\source\repos\Dev_tools\devtools-course-practice\dashboard\build\3rdparty\gtest\gtest.vcxproj]
</PostContext>
			<RepeatCount>0</RepeatCount>
		</Warning>
		<Warning>
			<BuildLogLine>34</BuildLogLine>
			<Text>C:\Users\white\source\repos\Dev_tools\devtools-course-practice\3rdparty\gtest/gtest.h(13894,2): warning C4996: 'std::tr1': warning STL4002: The non-Standard std::tr1 namespace and TR1-only machinery are deprecated and will be REMOVED. You can define _SILENCE_TR1_NAMESPACE_DEPRECATION_WARNING to acknowledge that you have received this warning. [C:\Users\white\source\repos\Dev_tools\devtools-course-practice\dashboard\build\3rdparty\gtest\gtest.vcxproj]</Text>
			<PreContext></PreContext>
			<PostContext>C:\Program Files (x86)\Microsoft Visual Studio\2019\Community\VC\Tools\MSVC\14.23.28105\include\tuple(904): message : см. объявление "std::tr1" [C:\Users\white\source\repos\Dev_tools\devtools-course-practice\dashboard\build\3rdparty\gtest\gtest.vcxproj]
C:\Users\white\source\repos\Dev_tools\devtools-course-practice\3rdparty\gtest/gtest.h(14021): message : выполняется компиляция ссылки на экземпляр класс шаблон функции "testing::internal::CartesianProductGenerator3&lt;T1,T2,T3&gt;" [C:\Users\white\source\repos\Dev_tools\devtools-course-practice\dashboard\build\3rdparty\gtest\gtest.vcxproj]
</PostContext>
			<RepeatCount>0</RepeatCount>
		</Warning>
		<Warning>
			<BuildLogLine>37</BuildLogLine>
			<Text>C:\Users\white\source\repos\Dev_tools\devtools-course-practice\3rdparty\gtest/gtest.h(13896,1): warning C4996: 'std::tr1': warning STL4002: The non-Standard std::tr1 namespace and TR1-only machinery are deprecated and will be REMOVED. You can define _SILENCE_TR1_NAMESPACE_DEPRECATION_WARNING to acknowledge that you have received this warning. [C:\Users\white\source\repos\Dev_tools\devtools-course-practice\dashboard\build\3rdparty\gtest\gtest.vcxproj]</Text>
			<PreContext></PreContext>
			<PostContext>C:\Program Files (x86)\Microsoft Visual Studio\2019\Community\VC\Tools\MSVC\14.23.28105\include\tuple(904): message : см. объявление "std::tr1" [C:\Users\white\source\repos\Dev_tools\devtools-course-practice\dashboard\build\3rdparty\gtest\gtest.vcxproj]
</PostContext>
			<RepeatCount>0</RepeatCount>
		</Warning>
		<Warning>
			<BuildLogLine>39</BuildLogLine>
			<Text>C:\Users\white\source\repos\Dev_tools\devtools-course-practice\3rdparty\gtest/gtest.h(14026,2): warning C4996: 'std::tr1': warning STL4002: The non-Standard std::tr1 namespace and TR1-only machinery are deprecated and will be REMOVED. You can define _SILENCE_TR1_NAMESPACE_DEPRECATION_WARNING to acknowledge that you have received this warning. [C:\Users\white\source\repos\Dev_tools\devtools-course-practice\dashboard\build\3rdparty\gtest\gtest.vcxproj]</Text>
			<PreContext></PreContext>
			<PostContext>C:\Program Files (x86)\Microsoft Visual Studio\2019\Community\VC\Tools\MSVC\14.23.28105\include\tuple(904): message : см. объявление "std::tr1" [C:\Users\white\source\repos\Dev_tools\devtools-course-practice\dashboard\build\3rdparty\gtest\gtest.vcxproj]
C:\Users\white\source\repos\Dev_tools\devtools-course-practice\3rdparty\gtest/gtest.h(14172): message : выполняется компиляция ссылки на экземпляр класс шаблон функции "testing::internal::CartesianProductGenerator4&lt;T1,T2,T3,T4&gt;" [C:\Users\white\source\repos\Dev_tools\devtools-course-practice\dashboard\build\3rdparty\gtest\gtest.vcxproj]
</PostContext>
			<RepeatCount>0</RepeatCount>
		</Warning>
		<Warning>
			<BuildLogLine>42</BuildLogLine>
			<Text>C:\Users\white\source\repos\Dev_tools\devtools-course-practice\3rdparty\gtest/gtest.h(14028,1): warning C4996: 'std::tr1': warning STL4002: The non-Standard std::tr1 namespace and TR1-only machinery are deprecated and will be REMOVED. You can define _SILENCE_TR1_NAMESPACE_DEPRECATION_WARNING to acknowledge that you have received this warning. [C:\Users\white\source\repos\Dev_tools\devtools-course-practice\dashboard\build\3rdparty\gtest\gtest.vcxproj]</Text>
			<PreContext></PreContext>
			<PostContext>C:\Program Files (x86)\Microsoft Visual Studio\2019\Community\VC\Tools\MSVC\14.23.28105\include\tuple(904): message : см. объявление "std::tr1" [C:\Users\white\source\repos\Dev_tools\devtools-course-practice\dashboard\build\3rdparty\gtest\gtest.vcxproj]
</PostContext>
			<RepeatCount>0</RepeatCount>
		</Warning>
		<Warning>
			<BuildLogLine>44</BuildLogLine>
			<Text>C:\Users\white\source\repos\Dev_tools\devtools-course-practice\3rdparty\gtest/gtest.h(14177,2): warning C4996: 'std::tr1': warning STL4002: The non-Standard std::tr1 namespace and TR1-only machinery are deprecated and will be REMOVED. You can define _SILENCE_TR1_NAMESPACE_DEPRECATION_WARNING to acknowledge that you have received this warning. [C:\Users\white\source\repos\Dev_tools\devtools-course-practice\dashboard\build\3rdparty\gtest\gtest.vcxproj]</Text>
			<PreContext></PreContext>
			<PostContext>C:\Program Files (x86)\Microsoft Visual Studio\2019\Community\VC\Tools\MSVC\14.23.28105\include\tuple(904): message : см. объявление "std::tr1" [C:\Users\white\source\repos\Dev_tools\devtools-course-practice\dashboard\build\3rdparty\gtest\gtest.vcxproj]
C:\Users\white\source\repos\Dev_tools\devtools-course-practice\3rdparty\gtest/gtest.h(14339): message : выполняется компиляция ссылки на экземпляр класс шаблон функции "testing::internal::CartesianProductGenerator5&lt;T1,T2,T3,T4,T5&gt;" [C:\Users\white\source\repos\Dev_tools\devtools-course-practice\dashboard\build\3rdparty\gtest\gtest.vcxproj]
</PostContext>
			<RepeatCount>0</RepeatCount>
		</Warning>
		<Warning>
			<BuildLogLine>47</BuildLogLine>
			<Text>C:\Users\white\source\repos\Dev_tools\devtools-course-practice\3rdparty\gtest/gtest.h(14179,1): warning C4996: 'std::tr1': warning STL4002: The non-Standard std::tr1 namespace and TR1-only machinery are deprecated and will be REMOVED. You can define _SILENCE_TR1_NAMESPACE_DEPRECATION_WARNING to acknowledge that you have received this warning. [C:\Users\white\source\repos\Dev_tools\devtools-course-practice\dashboard\build\3rdparty\gtest\gtest.vcxproj]</Text>
			<PreContext></PreContext>
			<PostContext>C:\Program Files (x86)\Microsoft Visual Studio\2019\Community\VC\Tools\MSVC\14.23.28105\include\tuple(904): message : см. объявление "std::tr1" [C:\Users\white\source\repos\Dev_tools\devtools-course-practice\dashboard\build\3rdparty\gtest\gtest.vcxproj]
</PostContext>
			<RepeatCount>0</RepeatCount>
		</Warning>
		<Warning>
			<BuildLogLine>49</BuildLogLine>
			<Text>C:\Users\white\source\repos\Dev_tools\devtools-course-practice\3rdparty\gtest/gtest.h(14345,2): warning C4996: 'std::tr1': warning STL4002: The non-Standard std::tr1 namespace and TR1-only machinery are deprecated and will be REMOVED. You can define _SILENCE_TR1_NAMESPACE_DEPRECATION_WARNING to acknowledge that you have received this warning. [C:\Users\white\source\repos\Dev_tools\devtools-course-practice\dashboard\build\3rdparty\gtest\gtest.vcxproj]</Text>
			<PreContext></PreContext>
			<PostContext>C:\Program Files (x86)\Microsoft Visual Studio\2019\Community\VC\Tools\MSVC\14.23.28105\include\tuple(904): message : см. объявление "std::tr1" [C:\Users\white\source\repos\Dev_tools\devtools-course-practice\dashboard\build\3rdparty\gtest\gtest.vcxproj]
C:\Users\white\source\repos\Dev_tools\devtools-course-practice\3rdparty\gtest/gtest.h(14525): message : выполняется компиляция ссылки на экземпляр класс шаблон функции "testing::internal::CartesianProductGenerator6&lt;T1,T2,T3,T4,T5,T6&gt;" [C:\Users\white\source\repos\Dev_tools\devtools-course-practice\dashboard\build\3rdparty\gtest\gtest.vcxproj]
</PostContext>
			<RepeatCount>0</RepeatCount>
		</Warning>
		<Warning>
			<BuildLogLine>52</BuildLogLine>
			<Text>C:\Users\white\source\repos\Dev_tools\devtools-course-practice\3rdparty\gtest/gtest.h(14348,1): warning C4996: 'std::tr1': warning STL4002: The non-Standard std::tr1 namespace and TR1-only machinery are deprecated and will be REMOVED. You can define _SILENCE_TR1_NAMESPACE_DEPRECATION_WARNING to acknowledge that you have received this warning. [C:\Users\white\source\repos\Dev_tools\devtools-course-practice\dashboard\build\3rdparty\gtest\gtest.vcxproj]</Text>
			<PreContext></PreContext>
			<PostContext>C:\Program Files (x86)\Microsoft Visual Studio\2019\Community\VC\Tools\MSVC\14.23.28105\include\tuple(904): message : см. объявление "std::tr1" [C:\Users\white\source\repos\Dev_tools\devtools-course-practice\dashboard\build\3rdparty\gtest\gtest.vcxproj]
</PostContext>
			<RepeatCount>0</RepeatCount>
		</Warning>
		<Warning>
			<BuildLogLine>54</BuildLogLine>
			<Text>C:\Users\white\source\repos\Dev_tools\devtools-course-practice\3rdparty\gtest/gtest.h(14531,2): warning C4996: 'std::tr1': warning STL4002: The non-Standard std::tr1 namespace and TR1-only machinery are deprecated and will be REMOVED. You can define _SILENCE_TR1_NAMESPACE_DEPRECATION_WARNING to acknowledge that you have received this warning. [C:\Users\white\source\repos\Dev_tools\devtools-course-practice\dashboard\build\3rdparty\gtest\gtest.vcxproj]</Text>
			<PreContext></PreContext>
			<PostContext>C:\Program Files (x86)\Microsoft Visual Studio\2019\Community\VC\Tools\MSVC\14.23.28105\include\tuple(904): message : см. объявление "std::tr1" [C:\Users\white\source\repos\Dev_tools\devtools-course-practice\dashboard\build\3rdparty\gtest\gtest.vcxproj]
C:\Users\white\source\repos\Dev_tools\devtools-course-practice\3rdparty\gtest/gtest.h(14728): message : выполняется компиляция ссылки на экземпляр класс шаблон функции "testing::internal::CartesianProductGenerator7&lt;T1,T2,T3,T4,T5,T6,T7&gt;" [C:\Users\white\source\repos\Dev_tools\devtools-course-practice\dashboard\build\3rdparty\gtest\gtest.vcxproj]
</PostContext>
			<RepeatCount>0</RepeatCount>
		</Warning>
		<Warning>
			<BuildLogLine>57</BuildLogLine>
			<Text>C:\Users\white\source\repos\Dev_tools\devtools-course-practice\3rdparty\gtest/gtest.h(14534,1): warning C4996: 'std::tr1': warning STL4002: The non-Standard std::tr1 namespace and TR1-only machinery are deprecated and will be REMOVED. You can define _SILENCE_TR1_NAMESPACE_DEPRECATION_WARNING to acknowledge that you have received this warning. [C:\Users\white\source\repos\Dev_tools\devtools-course-practice\dashboard\build\3rdparty\gtest\gtest.vcxproj]</Text>
			<PreContext></PreContext>
			<PostContext>C:\Program Files (x86)\Microsoft Visual Studio\2019\Community\VC\Tools\MSVC\14.23.28105\include\tuple(904): message : см. объявление "std::tr1" [C:\Users\white\source\repos\Dev_tools\devtools-course-practice\dashboard\build\3rdparty\gtest\gtest.vcxproj]
</PostContext>
			<RepeatCount>0</RepeatCount>
		</Warning>
		<Warning>
			<BuildLogLine>59</BuildLogLine>
			<Text>C:\Users\white\source\repos\Dev_tools\devtools-course-practice\3rdparty\gtest/gtest.h(14734,2): warning C4996: 'std::tr1': warning STL4002: The non-Standard std::tr1 namespace and TR1-only machinery are deprecated and will be REMOVED. You can define _SILENCE_TR1_NAMESPACE_DEPRECATION_WARNING to acknowledge that you have received this warning. [C:\Users\white\source\repos\Dev_tools\devtools-course-practice\dashboard\build\3rdparty\gtest\gtest.vcxproj]</Text>
			<PreContext></PreContext>
			<PostContext>C:\Program Files (x86)\Microsoft Visual Studio\2019\Community\VC\Tools\MSVC\14.23.28105\include\tuple(904): message : см. объявление "std::tr1" [C:\Users\white\source\repos\Dev_tools\devtools-course-practice\dashboard\build\3rdparty\gtest\gtest.vcxproj]
C:\Users\white\source\repos\Dev_tools\devtools-course-practice\3rdparty\gtest/gtest.h(14950): message : выполняется компиляция ссылки на экземпляр класс шаблон функции "testing::internal::CartesianProductGenerator8&lt;T1,T2,T3,T4,T5,T6,T7,T8&gt;" [C:\Users\white\source\repos\Dev_tools\devtools-course-practice\dashboard\build\3rdparty\gtest\gtest.vcxproj]
</PostContext>
			<RepeatCount>0</RepeatCount>
		</Warning>
		<Warning>
			<BuildLogLine>62</BuildLogLine>
			<Text>C:\Users\white\source\repos\Dev_tools\devtools-course-practice\3rdparty\gtest/gtest.h(14737,1): warning C4996: 'std::tr1': warning STL4002: The non-Standard std::tr1 namespace and TR1-only machinery are deprecated and will be REMOVED. You can define _SILENCE_TR1_NAMESPACE_DEPRECATION_WARNING to acknowledge that you have received this warning. [C:\Users\white\source\repos\Dev_tools\devtools-course-practice\dashboard\build\3rdparty\gtest\gtest.vcxproj]</Text>
			<PreContext></PreContext>
			<PostContext>C:\Program Files (x86)\Microsoft Visual Studio\2019\Community\VC\Tools\MSVC\14.23.28105\include\tuple(904): message : см. объявление "std::tr1" [C:\Users\white\source\repos\Dev_tools\devtools-course-practice\dashboard\build\3rdparty\gtest\gtest.vcxproj]
</PostContext>
			<RepeatCount>0</RepeatCount>
		</Warning>
		<Warning>
			<BuildLogLine>64</BuildLogLine>
			<Text>C:\Users\white\source\repos\Dev_tools\devtools-course-practice\3rdparty\gtest/gtest.h(14956,2): warning C4996: 'std::tr1': warning STL4002: The non-Standard std::tr1 namespace and TR1-only machinery are deprecated and will be REMOVED. You can define _SILENCE_TR1_NAMESPACE_DEPRECATION_WARNING to acknowledge that you have received this warning. [C:\Users\white\source\repos\Dev_tools\devtools-course-practice\dashboard\build\3rdparty\gtest\gtest.vcxproj]</Text>
			<PreContext></PreContext>
			<PostContext>C:\Program Files (x86)\Microsoft Visual Studio\2019\Community\VC\Tools\MSVC\14.23.28105\include\tuple(904): message : см. объявление "std::tr1" [C:\Users\white\source\repos\Dev_tools\devtools-course-practice\dashboard\build\3rdparty\gtest\gtest.vcxproj]
C:\Users\white\source\repos\Dev_tools\devtools-course-practice\3rdparty\gtest/gtest.h(15189): message : выполняется компиляция ссылки на экземпляр класс шаблон функции "testing::internal::CartesianProductGenerator9&lt;T1,T2,T3,T4,T5,T6,T7,T8,T9&gt;" [C:\Users\white\source\repos\Dev_tools\devtools-course-practice\dashboard\build\3rdparty\gtest\gtest.vcxproj]
</PostContext>
			<RepeatCount>0</RepeatCount>
		</Warning>
		<Warning>
			<BuildLogLine>67</BuildLogLine>
			<Text>C:\Users\white\source\repos\Dev_tools\devtools-course-practice\3rdparty\gtest/gtest.h(14959,1): warning C4996: 'std::tr1': warning STL4002: The non-Standard std::tr1 namespace and TR1-only machinery are deprecated and will be REMOVED. You can define _SILENCE_TR1_NAMESPACE_DEPRECATION_WARNING to acknowledge that you have received this warning. [C:\Users\white\source\repos\Dev_tools\devtools-course-practice\dashboard\build\3rdparty\gtest\gtest.vcxproj]</Text>
			<PreContext></PreContext>
			<PostContext>C:\Program Files (x86)\Microsoft Visual Studio\2019\Community\VC\Tools\MSVC\14.23.28105\include\tuple(904): message : см. объявление "std::tr1" [C:\Users\white\source\repos\Dev_tools\devtools-course-practice\dashboard\build\3rdparty\gtest\gtest.vcxproj]
</PostContext>
			<RepeatCount>0</RepeatCount>
		</Warning>
		<Warning>
			<BuildLogLine>69</BuildLogLine>
			<Text>C:\Users\white\source\repos\Dev_tools\devtools-course-practice\3rdparty\gtest/gtest.h(15195,2): warning C4996: 'std::tr1': warning STL4002: The non-Standard std::tr1 namespace and TR1-only machinery are deprecated and will be REMOVED. You can define _SILENCE_TR1_NAMESPACE_DEPRECATION_WARNING to acknowledge that you have received this warning. [C:\Users\white\source\repos\Dev_tools\devtools-course-practice\dashboard\build\3rdparty\gtest\gtest.vcxproj]</Text>
			<PreContext></PreContext>
			<PostContext>C:\Program Files (x86)\Microsoft Visual Studio\2019\Community\VC\Tools\MSVC\14.23.28105\include\tuple(904): message : см. объявление "std::tr1" [C:\Users\white\source\repos\Dev_tools\devtools-course-practice\dashboard\build\3rdparty\gtest\gtest.vcxproj]
C:\Users\white\source\repos\Dev_tools\devtools-course-practice\3rdparty\gtest/gtest.h(15445): message : выполняется компиляция ссылки на экземпляр класс шаблон функции "testing::internal::CartesianProductGenerator10&lt;T1,T2,T3,T4,T5,T6,T7,T8,T9,T10&gt;" [C:\Users\white\source\repos\Dev_tools\devtools-course-practice\dashboard\build\3rdparty\gtest\gtest.vcxproj]
</PostContext>
			<RepeatCount>0</RepeatCount>
		</Warning>
		<Warning>
			<BuildLogLine>72</BuildLogLine>
			<Text>C:\Users\white\source\repos\Dev_tools\devtools-course-practice\3rdparty\gtest/gtest.h(15198,1): warning C4996: 'std::tr1': warning STL4002: The non-Standard std::tr1 namespace and TR1-only machinery are deprecated and will be REMOVED. You can define _SILENCE_TR1_NAMESPACE_DEPRECATION_WARNING to acknowledge that you have received this warning. [C:\Users\white\source\repos\Dev_tools\devtools-course-practice\dashboard\build\3rdparty\gtest\gtest.vcxproj]</Text>
			<PreContext></PreContext>
			<PostContext>C:\Program Files (x86)\Microsoft Visual Studio\2019\Community\VC\Tools\MSVC\14.23.28105\include\tuple(904): message : см. объявление "std::tr1" [C:\Users\white\source\repos\Dev_tools\devtools-course-practice\dashboard\build\3rdparty\gtest\gtest.vcxproj]
</PostContext>
			<RepeatCount>0</RepeatCount>
		</Warning>
		<Warning>
			<BuildLogLine>74</BuildLogLine>
			<Text>C:\Users\white\source\repos\Dev_tools\devtools-course-practice\3rdparty\gtest/gtest.h(15460,1): warning C4996: 'std::tr1': warning STL4002: The non-Standard std::tr1 namespace and TR1-only machinery are deprecated and will be REMOVED. You can define _SILENCE_TR1_NAMESPACE_DEPRECATION_WARNING to acknowledge that you have received this warning. [C:\Users\white\source\repos\Dev_tools\devtools-course-practice\dashboard\build\3rdparty\gtest\gtest.vcxproj]</Text>
			<PreContext></PreContext>
			<PostContext>C:\Program Files (x86)\Microsoft Visual Studio\2019\Community\VC\Tools\MSVC\14.23.28105\include\tuple(904): message : см. объявление "std::tr1" [C:\Users\white\source\repos\Dev_tools\devtools-course-practice\dashboard\build\3rdparty\gtest\gtest.vcxproj]
C:\Users\white\source\repos\Dev_tools\devtools-course-practice\3rdparty\gtest/gtest.h(15473): message : выполняется компиляция ссылки на экземпляр класс шаблон функции "testing::internal::CartesianProductHolder2&lt;Generator1,Generator2&gt;" [C:\Users\white\source\repos\Dev_tools\devtools-course-practice\dashboard\build\3rdparty\gtest\gtest.vcxproj]
</PostContext>
			<RepeatCount>0</RepeatCount>
		</Warning>
		<Warning>
			<BuildLogLine>77</BuildLogLine>
			<Text>C:\Users\white\source\repos\Dev_tools\devtools-course-practice\3rdparty\gtest/gtest.h(15482,1): warning C4996: 'std::tr1': warning STL4002: The non-Standard std::tr1 namespace and TR1-only machinery are deprecated and will be REMOVED. You can define _SILENCE_TR1_NAMESPACE_DEPRECATION_WARNING to acknowledge that you have received this warning. [C:\Users\white\source\repos\Dev_tools\devtools-course-practice\dashboard\build\3rdparty\gtest\gtest.vcxproj]</Text>
			<PreContext></PreContext>
			<PostContext>C:\Program Files (x86)\Microsoft Visual Studio\2019\Community\VC\Tools\MSVC\14.23.28105\include\tuple(904): message : см. объявление "std::tr1" [C:\Users\white\source\repos\Dev_tools\devtools-course-practice\dashboard\build\3rdparty\gtest\gtest.vcxproj]
C:\Users\white\source\repos\Dev_tools\devtools-course-practice\3rdparty\gtest/gtest.h(15497): message : выполняется компиляция ссылки на экземпляр класс шаблон функции "testing::internal::CartesianProductHolder3&lt;Generator1,Generator2,Generator3&gt;" [C:\Users\white\source\repos\Dev_tools\devtools-course-practice\dashboard\build\3rdparty\gtest\gtest.vcxproj]
</PostContext>
			<RepeatCount>0</RepeatCount>
		</Warning>
		<Warning>
			<BuildLogLine>80</BuildLogLine>
			<Text>C:\Users\white\source\repos\Dev_tools\devtools-course-practice\3rdparty\gtest/gtest.h(15507,1): warning C4996: 'std::tr1': warning STL4002: The non-Standard std::tr1 namespace and TR1-only machinery are deprecated and will be REMOVED. You can define _SILENCE_TR1_NAMESPACE_DEPRECATION_WARNING to acknowledge that you have received this warning. [C:\Users\white\source\repos\Dev_tools\devtools-course-practice\dashboard\build\3rdparty\gtest\gtest.vcxproj]</Text>
			<PreContext></PreContext>
			<PostContext>C:\Program Files (x86)\Microsoft Visual Studio\2019\Community\VC\Tools\MSVC\14.23.28105\include\tuple(904): message : см. объявление "std::tr1" [C:\Users\white\source\repos\Dev_tools\devtools-course-practice\dashboard\build\3rdparty\gtest\gtest.vcxproj]
C:\Users\white\source\repos\Dev_tools\devtools-course-practice\3rdparty\gtest/gtest.h(15524): message : выполняется компиляция ссылки на экземпляр класс шаблон функции "testing::internal::CartesianProductHolder4&lt;Generator1,Generator2,Generator3,Generator4&gt;" [C:\Users\white\source\repos\Dev_tools\devtools-course-practice\dashboard\build\3rdparty\gtest\gtest.vcxproj]
</PostContext>
			<RepeatCount>0</RepeatCount>
		</Warning>
		<Warning>
			<BuildLogLine>83</BuildLogLine>
			<Text>C:\Users\white\source\repos\Dev_tools\devtools-course-practice\3rdparty\gtest/gtest.h(15534,1): warning C4996: 'std::tr1': warning STL4002: The non-Standard std::tr1 namespace and TR1-only machinery are deprecated and will be REMOVED. You can define _SILENCE_TR1_NAMESPACE_DEPRECATION_WARNING to acknowledge that you have received this warning. [C:\Users\white\source\repos\Dev_tools\devtools-course-practice\dashboard\build\3rdparty\gtest\gtest.vcxproj]</Text>
			<PreContext></PreContext>
			<PostContext>C:\Program Files (x86)\Microsoft Visual Studio\2019\Community\VC\Tools\MSVC\14.23.28105\include\tuple(904): message : см. объявление "std::tr1" [C:\Users\white\source\repos\Dev_tools\devtools-course-practice\dashboard\build\3rdparty\gtest\gtest.vcxproj]
C:\Users\white\source\repos\Dev_tools\devtools-course-practice\3rdparty\gtest/gtest.h(15553): message : выполняется компиляция ссылки на экземпляр класс шаблон функции "testing::internal::CartesianProductHolder5&lt;Generator1,Generator2,Generator3,Generator4,Generator5&gt;" [C:\Users\white\source\repos\Dev_tools\devtools-course-practice\dashboard\build\3rdparty\gtest\gtest.vcxproj]
</PostContext>
			<RepeatCount>0</RepeatCount>
		</Warning>
		<Warning>
			<BuildLogLine>86</BuildLogLine>
			<Text>C:\Users\white\source\repos\Dev_tools\devtools-course-practice\3rdparty\gtest/gtest.h(15565,1): warning C4996: 'std::tr1': warning STL4002: The non-Standard std::tr1 namespace and TR1-only machinery are deprecated and will be REMOVED. You can define _SILENCE_TR1_NAMESPACE_DEPRECATION_WARNING to acknowledge that you have received this warning. [C:\Users\white\source\repos\Dev_tools\devtools-course-practice\dashboard\build\3rdparty\gtest\gtest.vcxproj]</Text>
			<PreContext></PreContext>
			<PostContext>C:\Program Files (x86)\Microsoft Visual Studio\2019\Community\VC\Tools\MSVC\14.23.28105\include\tuple(904): message : см. объявление "std::tr1" [C:\Users\white\source\repos\Dev_tools\devtools-course-practice\dashboard\build\3rdparty\gtest\gtest.vcxproj]
C:\Users\white\source\repos\Dev_tools\devtools-course-practice\3rdparty\gtest/gtest.h(15586): message : выполняется компиляция ссылки на экземпляр класс шаблон функции "testing::internal::CartesianProductHolder6&lt;Generator1,Generator2,Generator3,Generator4,Generator5,Generator6&gt;" [C:\Users\white\source\repos\Dev_tools\devtools-course-practice\dashboard\build\3rdparty\gtest\gtest.vcxproj]
</PostContext>
			<RepeatCount>0</RepeatCount>
		</Warning>
		<Warning>
			<BuildLogLine>89</BuildLogLine>
			<Text>C:\Users\white\source\repos\Dev_tools\devtools-course-practice\3rdparty\gtest/gtest.h(15599,1): warning C4996: 'std::tr1': warning STL4002: The non-Standard std::tr1 namespace and TR1-only machinery are deprecated and will be REMOVED. You can define _SILENCE_TR1_NAMESPACE_DEPRECATION_WARNING to acknowledge that you have received this warning. [C:\Users\white\source\repos\Dev_tools\devtools-course-practice\dashboard\build\3rdparty\gtest\gtest.vcxproj]</Text>
			<PreContext></PreContext>
			<PostContext>C:\Program Files (x86)\Microsoft Visual Studio\2019\Community\VC\Tools\MSVC\14.23.28105\include\tuple(904): message : см. объявление "std::tr1" [C:\Users\white\source\repos\Dev_tools\devtools-course-practice\dashboard\build\3rdparty\gtest\gtest.vcxproj]
C:\Users\white\source\repos\Dev_tools\devtools-course-practice\3rdparty\gtest/gtest.h(15622): message : выполняется компиляция ссылки на экземпляр класс шаблон функции "testing::internal::CartesianProductHolder7&lt;Generator1,Generator2,Generator3,Generator4,Generator5,Generator6,Generator7&gt;" [C:\Users\white\source\repos\Dev_tools\devtools-course-practice\dashboard\build\3rdparty\gtest\gtest.vcxproj]
</PostContext>
			<RepeatCount>0</RepeatCount>
		</Warning>
		<Warning>
			<BuildLogLine>92</BuildLogLine>
			<Text>C:\Users\white\source\repos\Dev_tools\devtools-course-practice\3rdparty\gtest/gtest.h(15637,1): warning C4996: 'std::tr1': warning STL4002: The non-Standard std::tr1 namespace and TR1-only machinery are deprecated and will be REMOVED. You can define _SILENCE_TR1_NAMESPACE_DEPRECATION_WARNING to acknowledge that you have received this warning. [C:\Users\white\source\repos\Dev_tools\devtools-course-practice\dashboard\build\3rdparty\gtest\gtest.vcxproj]</Text>
			<PreContext></PreContext>
			<PostContext>C:\Program Files (x86)\Microsoft Visual Studio\2019\Community\VC\Tools\MSVC\14.23.28105\include\tuple(904): message : см. объявление "std::tr1" [C:\Users\white\source\repos\Dev_tools\devtools-course-practice\dashboard\build\3rdparty\gtest\gtest.vcxproj]
C:\Users\white\source\repos\Dev_tools\devtools-course-practice\3rdparty\gtest/gtest.h(15662): message : выполняется компиляция ссылки на экземпляр класс шаблон функции "testing::internal::CartesianProductHolder8&lt;Generator1,Generator2,Generator3,Generator4,Generator5,Generator6,Generator7,Generator8&gt;" [C:\Users\white\source\repos\Dev_tools\devtools-course-practice\dashboard\build\3rdparty\gtest\gtest.vcxproj]
</PostContext>
			<RepeatCount>0</RepeatCount>
		</Warning>
		<Warning>
			<BuildLogLine>95</BuildLogLine>
			<Text>C:\Users\white\source\repos\Dev_tools\devtools-course-practice\3rdparty\gtest/gtest.h(15678,1): warning C4996: 'std::tr1': warning STL4002: The non-Standard std::tr1 namespace and TR1-only machinery are deprecated and will be REMOVED. You can define _SILENCE_TR1_NAMESPACE_DEPRECATION_WARNING to acknowledge that you have received this warning. [C:\Users\white\source\repos\Dev_tools\devtools-course-practice\dashboard\build\3rdparty\gtest\gtest.vcxproj]</Text>
			<PreContext></PreContext>
			<PostContext>C:\Program Files (x86)\Microsoft Visual Studio\2019\Community\VC\Tools\MSVC\14.23.28105\include\tuple(904): message : см. объявление "std::tr1" [C:\Users\white\source\repos\Dev_tools\devtools-course-practice\dashboard\build\3rdparty\gtest\gtest.vcxproj]
C:\Users\white\source\repos\Dev_tools\devtools-course-practice\3rdparty\gtest/gtest.h(15706): message : выполняется компиляция ссылки на экземпляр класс шаблон функции "testing::internal::CartesianProductHolder9&lt;Generator1,Generator2,Generator3,Generator4,Generator5,Generator6,Generator7,Generator8,Generator9&gt;" [C:\Users\white\source\repos\Dev_tools\devtools-course-practice\dashboard\build\3rdparty\gtest\gtest.vcxproj]
</PostContext>
			<RepeatCount>0</RepeatCount>
		</Warning>
		<Warning>
			<BuildLogLine>98</BuildLogLine>
			<Text>C:\Users\white\source\repos\Dev_tools\devtools-course-practice\3rdparty\gtest/gtest.h(15722,1): warning C4996: 'std::tr1': warning STL4002: The non-Standard std::tr1 namespace and TR1-only machinery are deprecated and will be REMOVED. You can define _SILENCE_TR1_NAMESPACE_DEPRECATION_WARNING to acknowledge that you have received this warning. [C:\Users\white\source\repos\Dev_tools\devtools-course-practice\dashboard\build\3rdparty\gtest\gtest.vcxproj]</Text>
			<PreContext></PreContext>
			<PostContext>C:\Program Files (x86)\Microsoft Visual Studio\2019\Community\VC\Tools\MSVC\14.23.28105\include\tuple(904): message : см. объявление "std::tr1" [C:\Users\white\source\repos\Dev_tools\devtools-course-practice\dashboard\build\3rdparty\gtest\gtest.vcxproj]
C:\Users\white\source\repos\Dev_tools\devtools-course-practice\3rdparty\gtest/gtest.h(15753): message : выполняется компиляция ссылки на экземпляр класс шаблон функции "testing::internal::CartesianProductHolder10&lt;Generator1,Generator2,Generator3,Generator4,Generator5,Generator6,Generator7,Generator8,Generator9,Generator10&gt;" [C:\Users\white\source\repos\Dev_tools\devtools-course-practice\dashboard\build\3rdparty\gtest\gtest.vcxproj]
</PostContext>
			<RepeatCount>0</RepeatCount>
		</Warning>
		<Warning>
			<BuildLogLine>101</BuildLogLine>
			<Text>C:\Users\white\source\repos\Dev_tools\devtools-course-practice\3rdparty\gtest/gtest.h(10021,1): warning C4996: 'std::tr1': warning STL4002: The non-Standard std::tr1 namespace and TR1-only machinery are deprecated and will be REMOVED. You can define _SILENCE_TR1_NAMESPACE_DEPRECATION_WARNING to acknowledge that you have received this warning. [C:\Users\white\source\repos\Dev_tools\devtools-course-practice\dashboard\build\3rdparty\gtest\gtest.vcxproj]</Text>
			<PreContext></PreContext>
			<PostContext>C:\Program Files (x86)\Microsoft Visual Studio\2019\Community\VC\Tools\MSVC\14.23.28105\include\tuple(904): message : см. объявление "std::tr1" [C:\Users\white\source\repos\Dev_tools\devtools-course-practice\dashboard\build\3rdparty\gtest\gtest.vcxproj]
C:\Users\white\source\repos\Dev_tools\devtools-course-practice\3rdparty\gtest/gtest.h(9692): message : выполняется компиляция ссылки на экземпляр шаблон функции "void testing::internal::PrintTupleTo&lt;std::tuple&lt;&gt;&gt;(const T &amp;,std::ostream *)" [C:\Users\white\source\repos\Dev_tools\devtools-course-practice\dashboard\build\3rdparty\gtest\gtest.vcxproj]
C:\Users\white\source\repos\Dev_tools\devtools-course-practice\3rdparty\gtest/gtest.h(9692): message :         with [C:\Users\white\source\repos\Dev_tools\devtools-course-practice\dashboard\build\3rdparty\gtest\gtest.vcxproj]
C:\Users\white\source\repos\Dev_tools\devtools-course-practice\3rdparty\gtest/gtest.h(9692): message :         [ [C:\Users\white\source\repos\Dev_tools\devtools-course-practice\dashboard\build\3rdparty\gtest\gtest.vcxproj]
C:\Users\white\source\repos\Dev_tools\devtools-course-practice\3rdparty\gtest/gtest.h(9692): message :             T=std::tuple&lt;&gt; [C:\Users\white\source\repos\Dev_tools\devtools-course-practice\dashboard\build\3rdparty\gtest\gtest.vcxproj]
C:\Users\white\source\repos\Dev_tools\devtools-course-practice\3rdparty\gtest/gtest.h(9692): message :         ] [C:\Users\white\source\repos\Dev_tools\devtools-course-practice\dashboard\build\3rdparty\gtest\gtest.vcxproj]
  gtest.vcxproj -&gt; C:\Users\white\source\repos\Dev_tools\devtools-course-practice\dashboard\build\lib\gtest.lib
  Building Custom Rule /.../devtools-course-practice/modules/complex-number/src/CMakeLists.txt
  complex_calculator.cpp
  complex_number.cpp</PostContext>
			<RepeatCount>0</RepeatCount>
		</Warning>
		<Warning>
			<BuildLogLine>119</BuildLogLine>
			<Text>C:\Users\white\source\repos\Dev_tools\devtools-course-practice\3rdparty\gtest/gtest.h(9691,46): warning C4996: 'std::tr1': warning STL4002: The non-Standard std::tr1 namespace and TR1-only machinery are deprecated and will be REMOVED. You can define _SILENCE_TR1_NAMESPACE_DEPRECATION_WARNING to acknowledge that you have received this warning. [C:\Users\white\source\repos\Dev_tools\devtools-course-practice\dashboard\build\modules\complex-number\test\test_complex-number.vcxproj]</Text>
			<PreContext>  Создание кода...
  lib_complex-number.vcxproj -&gt; C:\Users\white\source\repos\Dev_tools\devtools-course-practice\dashboard\build\lib\complex-number.lib
  Building Custom Rule /.../devtools-course-practice/modules/complex-number/application/CMakeLists.txt
  complex-number.cpp
  app_complex-number.vcxproj -&gt; C:\Users\white\source\repos\Dev_tools\devtools-course-practice\dashboard\build\bin\complex-number.exe
  Building Custom Rule /.../devtools-course-practice/modules/complex-number/test/CMakeLists.txt
  test_DANSHIN_GLEB_complex_number.cpp
</PreContext>
			<PostContext>C:\Program Files (x86)\Microsoft Visual Studio\2019\Community\VC\Tools\MSVC\14.23.28105\include\tuple(904): message : см. объявление "std::tr1" [C:\Users\white\source\repos\Dev_tools\devtools-course-practice\dashboard\build\modules\complex-number\test\test_complex-number.vcxproj]
</PostContext>
			<RepeatCount>0</RepeatCount>
		</Warning>
		<Warning>
			<BuildLogLine>121</BuildLogLine>
			<Text>C:\Users\white\source\repos\Dev_tools\devtools-course-practice\3rdparty\gtest/gtest.h(9696,1): warning C4996: 'std::tr1': warning STL4002: The non-Standard std::tr1 namespace and TR1-only machinery are deprecated and will be REMOVED. You can define _SILENCE_TR1_NAMESPACE_DEPRECATION_WARNING to acknowledge that you have received this warning. [C:\Users\white\source\repos\Dev_tools\devtools-course-practice\dashboard\build\modules\complex-number\test\test_complex-number.vcxproj]</Text>
			<PreContext></PreContext>
			<PostContext>C:\Program Files (x86)\Microsoft Visual Studio\2019\Community\VC\Tools\MSVC\14.23.28105\include\tuple(904): message : см. объявление "std::tr1" [C:\Users\white\source\repos\Dev_tools\devtools-course-practice\dashboard\build\modules\complex-number\test\test_complex-number.vcxproj]
</PostContext>
			<RepeatCount>0</RepeatCount>
		</Warning>
		<Warning>
			<BuildLogLine>123</BuildLogLine>
			<Text>C:\Users\white\source\repos\Dev_tools\devtools-course-practice\3rdparty\gtest/gtest.h(9701,1): warning C4996: 'std::tr1': warning STL4002: The non-Standard std::tr1 namespace and TR1-only machinery are deprecated and will be REMOVED. You can define _SILENCE_TR1_NAMESPACE_DEPRECATION_WARNING to acknowledge that you have received this warning. [C:\Users\white\source\repos\Dev_tools\devtools-course-practice\dashboard\build\modules\complex-number\test\test_complex-number.vcxproj]</Text>
			<PreContext></PreContext>
			<PostContext>C:\Program Files (x86)\Microsoft Visual Studio\2019\Community\VC\Tools\MSVC\14.23.28105\include\tuple(904): message : см. объявление "std::tr1" [C:\Users\white\source\repos\Dev_tools\devtools-course-practice\dashboard\build\modules\complex-number\test\test_complex-number.vcxproj]
</PostContext>
			<RepeatCount>0</RepeatCount>
		</Warning>
		<Warning>
			<BuildLogLine>125</BuildLogLine>
			<Text>C:\Users\white\source\repos\Dev_tools\devtools-course-practice\3rdparty\gtest/gtest.h(9706,1): warning C4996: 'std::tr1': warning STL4002: The non-Standard std::tr1 namespace and TR1-only machinery are deprecated and will be REMOVED. You can define _SILENCE_TR1_NAMESPACE_DEPRECATION_WARNING to acknowledge that you have received this warning. [C:\Users\white\source\repos\Dev_tools\devtools-course-practice\dashboard\build\modules\complex-number\test\test_complex-number.vcxproj]</Text>
			<PreContext></PreContext>
			<PostContext>C:\Program Files (x86)\Microsoft Visual Studio\2019\Community\VC\Tools\MSVC\14.23.28105\include\tuple(904): message : см. объявление "std::tr1" [C:\Users\white\source\repos\Dev_tools\devtools-course-practice\dashboard\build\modules\complex-number\test\test_complex-number.vcxproj]
</PostContext>
			<RepeatCount>0</RepeatCount>
		</Warning>
		<Warning>
			<BuildLogLine>127</BuildLogLine>
			<Text>C:\Users\white\source\repos\Dev_tools\devtools-course-practice\3rdparty\gtest/gtest.h(9711,1): warning C4996: 'std::tr1': warning STL4002: The non-Standard std::tr1 namespace and TR1-only machinery are deprecated and will be REMOVED. You can define _SILENCE_TR1_NAMESPACE_DEPRECATION_WARNING to acknowledge that you have received this warning. [C:\Users\white\source\repos\Dev_tools\devtools-course-practice\dashboard\build\modules\complex-number\test\test_complex-number.vcxproj]</Text>
			<PreContext></PreContext>
			<PostContext>C:\Program Files (x86)\Microsoft Visual Studio\2019\Community\VC\Tools\MSVC\14.23.28105\include\tuple(904): message : см. объявление "std::tr1" [C:\Users\white\source\repos\Dev_tools\devtools-course-practice\dashboard\build\modules\complex-number\test\test_complex-number.vcxproj]
</PostContext>
			<RepeatCount>0</RepeatCount>
		</Warning>
		<Warning>
			<BuildLogLine>129</BuildLogLine>
			<Text>C:\Users\white\source\repos\Dev_tools\devtools-course-practice\3rdparty\gtest/gtest.h(9716,1): warning C4996: 'std::tr1': warning STL4002: The non-Standard std::tr1 namespace and TR1-only machinery are deprecated and will be REMOVED. You can define _SILENCE_TR1_NAMESPACE_DEPRECATION_WARNING to acknowledge that you have received this warning. [C:\Users\white\source\repos\Dev_tools\devtools-course-practice\dashboard\build\modules\complex-number\test\test_complex-number.vcxproj]</Text>
			<PreContext></PreContext>
			<PostContext>C:\Program Files (x86)\Microsoft Visual Studio\2019\Community\VC\Tools\MSVC\14.23.28105\include\tuple(904): message : см. объявление "std::tr1" [C:\Users\white\source\repos\Dev_tools\devtools-course-practice\dashboard\build\modules\complex-number\test\test_complex-number.vcxproj]
</PostContext>
			<RepeatCount>0</RepeatCount>
		</Warning>
		<Warning>
			<BuildLogLine>131</BuildLogLine>
			<Text>C:\Users\white\source\repos\Dev_tools\devtools-course-practice\3rdparty\gtest/gtest.h(9723,1): warning C4996: 'std::tr1': warning STL4002: The non-Standard std::tr1 namespace and TR1-only machinery are deprecated and will be REMOVED. You can define _SILENCE_TR1_NAMESPACE_DEPRECATION_WARNING to acknowledge that you have received this warning. [C:\Users\white\source\repos\Dev_tools\devtools-course-practice\dashboard\build\modules\complex-number\test\test_complex-number.vcxproj]</Text>
			<PreContext></PreContext>
			<PostContext>C:\Program Files (x86)\Microsoft Visual Studio\2019\Community\VC\Tools\MSVC\14.23.28105\include\tuple(904): message : см. объявление "std::tr1" [C:\Users\white\source\repos\Dev_tools\devtools-course-practice\dashboard\build\modules\complex-number\test\test_complex-number.vcxproj]
</PostContext>
			<RepeatCount>0</RepeatCount>
		</Warning>
		<Warning>
			<BuildLogLine>133</BuildLogLine>
			<Text>C:\Users\white\source\repos\Dev_tools\devtools-course-practice\3rdparty\gtest/gtest.h(9730,1): warning C4996: 'std::tr1': warning STL4002: The non-Standard std::tr1 namespace and TR1-only machinery are deprecated and will be REMOVED. You can define _SILENCE_TR1_NAMESPACE_DEPRECATION_WARNING to acknowledge that you have received this warning. [C:\Users\white\source\repos\Dev_tools\devtools-course-practice\dashboard\build\modules\complex-number\test\test_complex-number.vcxproj]</Text>
			<PreContext></PreContext>
			<PostContext>C:\Program Files (x86)\Microsoft Visual Studio\2019\Community\VC\Tools\MSVC\14.23.28105\include\tuple(904): message : см. объявление "std::tr1" [C:\Users\white\source\repos\Dev_tools\devtools-course-practice\dashboard\build\modules\complex-number\test\test_complex-number.vcxproj]
</PostContext>
			<RepeatCount>0</RepeatCount>
		</Warning>
		<Warning>
			<BuildLogLine>135</BuildLogLine>
			<Text>C:\Users\white\source\repos\Dev_tools\devtools-course-practice\3rdparty\gtest/gtest.h(9737,1): warning C4996: 'std::tr1': warning STL4002: The non-Standard std::tr1 namespace and TR1-only machinery are deprecated and will be REMOVED. You can define _SILENCE_TR1_NAMESPACE_DEPRECATION_WARNING to acknowledge that you have received this warning. [C:\Users\white\source\repos\Dev_tools\devtools-course-practice\dashboard\build\modules\complex-number\test\test_complex-number.vcxproj]</Text>
			<PreContext></PreContext>
			<PostContext>C:\Program Files (x86)\Microsoft Visual Studio\2019\Community\VC\Tools\MSVC\14.23.28105\include\tuple(904): message : см. объявление "std::tr1" [C:\Users\white\source\repos\Dev_tools\devtools-course-practice\dashboard\build\modules\complex-number\test\test_complex-number.vcxproj]
</PostContext>
			<RepeatCount>0</RepeatCount>
		</Warning>
		<Warning>
			<BuildLogLine>137</BuildLogLine>
			<Text>C:\Users\white\source\repos\Dev_tools\devtools-course-practice\3rdparty\gtest/gtest.h(9744,1): warning C4996: 'std::tr1': warning STL4002: The non-Standard std::tr1 namespace and TR1-only machinery are deprecated and will be REMOVED. You can define _SILENCE_TR1_NAMESPACE_DEPRECATION_WARNING to acknowledge that you have received this warning. [C:\Users\white\source\repos\Dev_tools\devtools-course-practice\dashboard\build\modules\complex-number\test\test_complex-number.vcxproj]</Text>
			<PreContext></PreContext>
			<PostContext>C:\Program Files (x86)\Microsoft Visual Studio\2019\Community\VC\Tools\MSVC\14.23.28105\include\tuple(904): message : см. объявление "std::tr1" [C:\Users\white\source\repos\Dev_tools\devtools-course-practice\dashboard\build\modules\complex-number\test\test_complex-number.vcxproj]
</PostContext>
			<RepeatCount>0</RepeatCount>
		</Warning>
		<Warning>
			<BuildLogLine>139</BuildLogLine>
			<Text>C:\Users\white\source\repos\Dev_tools\devtools-course-practice\3rdparty\gtest/gtest.h(9752,1): warning C4996: 'std::tr1': warning STL4002: The non-Standard std::tr1 namespace and TR1-only machinery are deprecated and will be REMOVED. You can define _SILENCE_TR1_NAMESPACE_DEPRECATION_WARNING to acknowledge that you have received this warning. [C:\Users\white\source\repos\Dev_tools\devtools-course-practice\dashboard\build\modules\complex-number\test\test_complex-number.vcxproj]</Text>
			<PreContext></PreContext>
			<PostContext>C:\Program Files (x86)\Microsoft Visual Studio\2019\Community\VC\Tools\MSVC\14.23.28105\include\tuple(904): message : см. объявление "std::tr1" [C:\Users\white\source\repos\Dev_tools\devtools-course-practice\dashboard\build\modules\complex-number\test\test_complex-number.vcxproj]
C:\Users\white\source\repos\Dev_tools\devtools-course-practice\3rdparty\gtest/gtest.h(13779,2): warning C4996: 'std::tr1': warning STL4002: The non-Standard std::tr1 namespace and TR1-only machinery are deprecated and will be REMOVED. You can define _SILENCE_TR1_NAMESPACE_DEPRECATION_WARNING to acknowledge that you have received this warning. [C:\Users\white\source\repos\Dev_tools\devtools-course-practice\dashboard\build\modules\complex-number\test\test_complex-number.vcxproj]
C:\Program Files (x86)\Microsoft Visual Studio\2019\Community\VC\Tools\MSVC\14.23.28105\include\tuple(904): message : см. объявление "std::tr1" [C:\Users\white\source\repos\Dev_tools\devtools-course-practice\dashboard\build\modules\complex-number\test\test_complex-number.vcxproj]
C:\Users\white\source\repos\Dev_tools\devtools-course-practice\3rdparty\gtest/gtest.h(13889): message : выполняется компиляция ссылки на экземпляр класс шаблон функции "testing::internal::CartesianProductGenerator2&lt;T1,T2&gt;" [C:\Users\white\source\repos\Dev_tools\devtools-course-practice\dashboard\build\modules\complex-number\test\test_complex-number.vcxproj]
C:\Users\white\source\repos\Dev_tools\devtools-course-practice\3rdparty\gtest/gtest.h(13781,1): warning C4996: 'std::tr1': warning STL4002: The non-Standard std::tr1 namespace and TR1-only machinery are deprecated and will be REMOVED. You can define _SILENCE_TR1_NAMESPACE_DEPRECATION_WARNING to acknowledge that you have received this warning. [C:\Users\white\source\repos\Dev_tools\devtools-course-practice\dashboard\build\modules\complex-number\test\test_complex-number.vcxproj]
C:\Program Files (x86)\Microsoft Visual Studio\2019\Community\VC\Tools\MSVC\14.23.28105\include\tuple(904): message : см. объявление "std::tr1" [C:\Users\white\source\repos\Dev_tools\devtools-course-practice\dashboard\build\modules\complex-number\test\test_complex-number.vcxproj]
C:\Users\white\source\repos\Dev_tools\devtools-course-practice\3rdparty\gtest/gtest.h(13894,2): warning C4996: 'std::tr1': warning STL4002: The non-Standard std::tr1 namespace and TR1-only machinery are deprecated and will be REMOVED. You can define _SILENCE_TR1_NAMESPACE_DEPRECATION_WARNING to acknowledge that you have received this warning. [C:\Users\white\source\repos\Dev_tools\devtools-course-practice\dashboard\build\modules\complex-number\test\test_complex-number.vcxproj]
C:\Program Files (x86)\Microsoft Visual Studio\2019\Community\VC\Tools\MSVC\14.23.28105\include\tuple(904): message : см. объявление "std::tr1" [C:\Users\white\source\repos\Dev_tools\devtools-course-practice\dashboard\build\modules\complex-number\test\test_complex-number.vcxproj]
C:\Users\white\source\repos\Dev_tools\devtools-course-practice\3rdparty\gtest/gtest.h(14021): message : выполняется компиляция ссылки на экземпляр класс шаблон функции "testing::internal::CartesianProductGenerator3&lt;T1,T2,T3&gt;" [C:\Users\white\source\repos\Dev_tools\devtools-course-practice\dashboard\build\modules\complex-number\test\test_complex-number.vcxproj]
C:\Users\white\source\repos\Dev_tools\devtools-course-practice\3rdparty\gtest/gtest.h(13896,1): warning C4996: 'std::tr1': warning STL4002: The non-Standard std::tr1 namespace and TR1-only machinery are deprecated and will be REMOVED. You can define _SILENCE_TR1_NAMESPACE_DEPRECATION_WARNING to acknowledge that you have received this warning. [C:\Users\white\source\repos\Dev_tools\devtools-course-practice\dashboard\build\modules\complex-number\test\test_complex-number.vcxproj]
The maximum number of reported warnings or errors has been reached!!!
</PostContext>
			<RepeatCount>0</RepeatCount>
		</Warning>
		<Log Encoding="base64" Compression="bin/gzip"/>
		<EndDateTime>Mar 30 17:14 RTZ 2 (ceia)</EndDateTime>
		<EndBuildTime>1648649646</EndBuildTime>
		<ElapsedMinutes>0</ElapsedMinutes>
	</Build>
</Site>
