<?xml version="1.0" encoding="UTF-8"?>
<Site BuildName="Windows-AMD64-Experimental"
	BuildStamp="20220330-1413-Experimental"
	Name="LAPTOP-O3DLNS46"
	Generator="ctest-3.17.0-rc1"
	CompilerName=""
	CompilerVersion=""
	OSName="Windows"
	Hostname="LAPTOP-O3DLNS46"
	OSRelease=" Personal"
	OSVersion=" (Build 22000)"
	OSPlatform="AMD64"
	Is64Bits="1"
	VendorString="GenuineIntel"
	VendorID="Intel Corporation"
	FamilyID="6"
	ModelID="14"
	ProcessorCacheSize="-1"
	NumberOfLogicalCPU="8"
	NumberOfPhysicalCPU="4"
	TotalVirtualMemory="37552"
	TotalPhysicalMemory="32688"
	LogicalProcessorsPerPhysical="2"
	ProcessorClockFrequency="2400"
	>
	<Configure>
		<StartDateTime>Mar 30 17:13 RTZ 2 (ceia)</StartDateTime>
		<StartConfigureTime>1648649613</StartConfigureTime>
		<ConfigureCommand>"C:/Program Files/CMake/bin/cmake.exe" "-GVisual Studio 16 2019" "C:/Users/white/source/repos/Dev_tools/devtools-course-practice"</ConfigureCommand>
		<Log>-- Selecting Windows SDK version 10.0.19041.0 to target Windows 10.0.22000.
-- The C compiler identification is MSVC 19.23.28106.4
-- The CXX compiler identification is MSVC 19.23.28106.4
-- Check for working C compiler: C:/Program Files (x86)/Microsoft Visual Studio/2019/Community/VC/Tools/MSVC/14.23.28105/bin/Hostx64/x64/cl.exe
-- Check for working C compiler: C:/Program Files (x86)/Microsoft Visual Studio/2019/Community/VC/Tools/MSVC/14.23.28105/bin/Hostx64/x64/cl.exe - works
-- Detecting C compiler ABI info
-- Detecting C compiler ABI info - done
-- Detecting C compile features
-- Detecting C compile features - done
-- Check for working CXX compiler: C:/Program Files (x86)/Microsoft Visual Studio/2019/Community/VC/Tools/MSVC/14.23.28105/bin/Hostx64/x64/cl.exe
-- Check for working CXX compiler: C:/Program Files (x86)/Microsoft Visual Studio/2019/Community/VC/Tools/MSVC/14.23.28105/bin/Hostx64/x64/cl.exe - works
-- Detecting CXX compiler ABI info
-- Detecting CXX compiler ABI info - done
-- Detecting CXX compile features
-- Detecting CXX compile features - done
CMake Warning (dev) at CMakeLists.txt:43 (if):
  Policy CMP0054 is not set: Only interpret if() arguments as variables or
  keywords when unquoted.  Run "cmake --help-policy CMP0054" for policy
  details.  Use the cmake_policy command to set the policy and suppress this
  warning.

  Quoted variables like "MSVC" will no longer be dereferenced when the policy
  is set to NEW.  Since the policy is not set the OLD behavior will be used.
This warning is for project developers.  Use -Wno-dev to suppress it.

-- Found PythonInterp: C:/Users/white/AppData/Local/Programs/Python/Python310/python.exe (found version "3.10.1") 
-- 
-- General configuration for DevTools
-- ==================================
-- 
--    Compiler:      MSVC
--    Configuration: 
--    Coverage:      OFF
--    Detected modules:
--     - complex-number
-- 
-- Configuring done
-- Generating done
-- Build files have been written to: C:/Users/white/source/repos/Dev_tools/devtools-course-practice/dashboard/build
</Log>
		<ConfigureStatus>0</ConfigureStatus>
		<EndDateTime>Mar 30 17:13 RTZ 2 (ceia)</EndDateTime>
		<EndConfigureTime>1648649618</EndConfigureTime>
		<ElapsedMinutes>0</ElapsedMinutes>
	</Configure>
</Site>
