<?xml version="1.0" encoding="UTF-8"?>
<Site BuildName="Windows-AMD64-Experimental"
	BuildStamp="20220330-1413-Experimental"
	Name="LAPTOP-O3DLNS46"
	Generator="ctest-3.17.0-rc1"
	CompilerName=""
	CompilerVersion=""
	OSName="Windows"
	Hostname="LAPTOP-O3DLNS46"
	OSRelease=" Personal"
	OSVersion=" (Build 22000)"
	OSPlatform="AMD64"
	Is64Bits="1"
	VendorString="GenuineIntel"
	VendorID="Intel Corporation"
	FamilyID="6"
	ModelID="14"
	ProcessorCacheSize="-1"
	NumberOfLogicalCPU="8"
	NumberOfPhysicalCPU="4"
	TotalVirtualMemory="37552"
	TotalPhysicalMemory="32688"
	LogicalProcessorsPerPhysical="2"
	ProcessorClockFrequency="2400"
	>
	<Testing>
		<StartDateTime>Mar 30 17:14 RTZ 2 (ceia)</StartDateTime>
		<StartTestTime>1648649646</StartTestTime>
		<TestList>
			<Test>./modules/complex-number/complex-number_can_Run</Test>
			<Test>./modules/complex-number/complex-number_can_Print_Help_Without_Arguments</Test>
			<Test>./modules/complex-number/complex-number_can_Check_Number_Of_Arguments</Test>
			<Test>./modules/complex-number/complex-number_can_Detect_Wrong_Number_Format</Test>
			<Test>./modules/complex-number/complex-number_can_Detect_Wrong_Operation_Format</Test>
			<Test>./modules/complex-number/complex-number_can_Add_Complexs</Test>
			<Test>./modules/complex-number/complex-number_can_Diff_Complexs</Test>
			<Test>./modules/complex-number/complex-number_can_Mult_Complexs</Test>
			<Test>./modules/complex-number/complex-number_can_Divide_Complexs</Test>
			<Test>./modules/complex-number/complex-number_can_Detect_Divide_By_Zero</Test>
			<Test>./modules/complex-number/test/complex-number_gtest</Test>
		</TestList>
		<Test Status="passed">
			<Name>complex-number_can_Run</Name>
			<Path>./modules/complex-number</Path>
			<FullName>./modules/complex-number/complex-number_can_Run</FullName>
			<FullCommandLine>C:\Users\white\source\repos\Dev_tools\devtools-course-practice\dashboard\build\bin\complex-number.exe</FullCommandLine>
			<Results>
				<NamedMeasurement type="numeric/double" name="Execution Time">
					<Value>0.0431431</Value>
				</NamedMeasurement>
				<NamedMeasurement type="numeric/double" name="Processors">
					<Value>1</Value>
				</NamedMeasurement>
				<NamedMeasurement type="text/string" name="Completion Status">
					<Value>Completed</Value>
				</NamedMeasurement>
				<NamedMeasurement type="text/string" name="Command Line">
					<Value>C:\Users\white\source\repos\Dev_tools\devtools-course-practice\dashboard\build\bin\complex-number.exe</Value>
				</NamedMeasurement>
				<Measurement>
					<Value encoding="base64" compression="gzip">eJxVUEFqwzAQvPsVeygY2jiiOYaSS/qAHlp6DGtpYwvWWrGSnLSvr+yGkoIYZjXLMjPvo09QH4KVKTJdIZSpJwWLbAtjFgWMkb3F7CVsm+aNCRNBVJm9I0AdykQh1ysB8khwFma5+DBUphPmfdMAPMBxbz4SaTKX0WcySYpaMkpRknml+ZRFOBlH80o6W/VEXVS02ddFh2nsBdWZvniu6IO5Oe5+HW/pSvDy/XxSQj6szE84+ID6tYy7P2H3T5BIumY7NM3nSFojMd/FwvrjpPS8uCHrU129lZQ2gMHdn1iqlEAgZ2if2g203QKPC5i2lvcDx5iAgQ==</Value>
				</Measurement>
			</Results>
			<Labels>
				<Label>complex-number</Label>
			</Labels>
		</Test>
		<Test Status="passed">
			<Name>complex-number_can_Print_Help_Without_Arguments</Name>
			<Path>./modules/complex-number</Path>
			<FullName>./modules/complex-number/complex-number_can_Print_Help_Without_Arguments</FullName>
			<FullCommandLine>C:\Users\white\source\repos\Dev_tools\devtools-course-practice\dashboard\build\bin\complex-number.exe</FullCommandLine>
			<Results>
				<NamedMeasurement type="numeric/double" name="Execution Time">
					<Value>0.0068735</Value>
				</NamedMeasurement>
				<NamedMeasurement type="text/string" name="Pass Reason">
					<Value>Required regular expression found. Regex=[This is a complex number calculator]</Value>
				</NamedMeasurement>
				<NamedMeasurement type="numeric/double" name="Processors">
					<Value>1</Value>
				</NamedMeasurement>
				<NamedMeasurement type="text/string" name="Completion Status">
					<Value>Completed</Value>
				</NamedMeasurement>
				<NamedMeasurement type="text/string" name="Command Line">
					<Value>C:\Users\white\source\repos\Dev_tools\devtools-course-practice\dashboard\build\bin\complex-number.exe</Value>
				</NamedMeasurement>
				<Measurement>
					<Value encoding="base64" compression="gzip">eJxVUEFqwzAQvPsVeygY2jiiOYaSS/qAHlp6DGtpYwvWWrGSnLSvr+yGkoIYZjXLMjPvo09QH4KVKTJdIZSpJwWLbAtjFgWMkb3F7CVsm+aNCRNBVJm9I0AdykQh1ysB8khwFma5+DBUphPmfdMAPMBxbz4SaTKX0WcySYpaMkpRknml+ZRFOBlH80o6W/VEXVS02ddFh2nsBdWZvniu6IO5Oe5+HW/pSvDy/XxSQj6szE84+ID6tYy7P2H3T5BIumY7NM3nSFojMd/FwvrjpPS8uCHrU129lZQ2gMHdn1iqlEAgZ2if2g203QKPC5i2lvcDx5iAgQ==</Value>
				</Measurement>
			</Results>
			<Labels>
				<Label>complex-number</Label>
			</Labels>
		</Test>
		<Test Status="passed">
			<Name>complex-number_can_Check_Number_Of_Arguments</Name>
			<Path>./modules/complex-number</Path>
			<FullName>./modules/complex-number/complex-number_can_Check_Number_Of_Arguments</FullName>
			<FullCommandLine>C:\Users\white\source\repos\Dev_tools\devtools-course-practice\dashboard\build\bin\complex-number.exe "1" "2"</FullCommandLine>
			<Results>
				<NamedMeasurement type="numeric/double" name="Execution Time">
					<Value>0.0087416</Value>
				</NamedMeasurement>
				<NamedMeasurement type="text/string" name="Pass Reason">
					<Value>Required regular expression found. Regex=[ERROR: Should be 5 arguments.]</Value>
				</NamedMeasurement>
				<NamedMeasurement type="numeric/double" name="Processors">
					<Value>1</Value>
				</NamedMeasurement>
				<NamedMeasurement type="text/string" name="Completion Status">
					<Value>Completed</Value>
				</NamedMeasurement>
				<NamedMeasurement type="text/string" name="Command Line">
					<Value>C:\Users\white\source\repos\Dev_tools\devtools-course-practice\dashboard\build\bin\complex-number.exe "1" "2"</Value>
				</NamedMeasurement>
				<Measurement>
					<Value encoding="base64" compression="gzip">eJxVUMFKAzEQve9XzEFY0G6DBS9FelHPSlU8ltlk2g3MZsIkaatfb7YWrRAeL3mT4b33tF4/r5fwOkhhBz3BHaDuykghp3nTvA0+QT0IVsbIdIRQxp4ULLItjFkUMEb2FrOXUH+8MGEiiCp77+hvGfgAeSDYCrMcfNhVpiPmZdMAXMHD0rwn0mQOg89kkhS1ZJSiJPNI+00W4WQc7U+ks1VP1EVFm30ddJiGXlCd6Yvnij6Ys+Pux/GcjgT3X7cbJeTVifkRdz6gfk7Xxa+w+CdIJD1lWzXNx0BaIzFfxML64qT0PLkh61MdPZeUZoDBXa6YqpRAIFtob9oZtN0E1xOYtpb3DWsTikg=</Value>
				</Measurement>
			</Results>
			<Labels>
				<Label>complex-number</Label>
			</Labels>
		</Test>
		<Test Status="passed">
			<Name>complex-number_can_Detect_Wrong_Number_Format</Name>
			<Path>./modules/complex-number</Path>
			<FullName>./modules/complex-number/complex-number_can_Detect_Wrong_Number_Format</FullName>
			<FullCommandLine>C:\Users\white\source\repos\Dev_tools\devtools-course-practice\dashboard\build\bin\complex-number.exe "1" "ip" "2" "3" "+"</FullCommandLine>
			<Results>
				<NamedMeasurement type="numeric/double" name="Execution Time">
					<Value>0.0077517</Value>
				</NamedMeasurement>
				<NamedMeasurement type="text/string" name="Pass Reason">
					<Value>Required regular expression found. Regex=[Wrong number format!]</Value>
				</NamedMeasurement>
				<NamedMeasurement type="numeric/double" name="Processors">
					<Value>1</Value>
				</NamedMeasurement>
				<NamedMeasurement type="text/string" name="Completion Status">
					<Value>Completed</Value>
				</NamedMeasurement>
				<NamedMeasurement type="text/string" name="Command Line">
					<Value>C:\Users\white\source\repos\Dev_tools\devtools-course-practice\dashboard\build\bin\complex-number.exe "1" "ip" "2" "3" "+"</Value>
				</NamedMeasurement>
				<Measurement>
					<Value>Wrong number format!
</Value>
				</Measurement>
			</Results>
			<Labels>
				<Label>complex-number</Label>
			</Labels>
		</Test>
		<Test Status="passed">
			<Name>complex-number_can_Detect_Wrong_Operation_Format</Name>
			<Path>./modules/complex-number</Path>
			<FullName>./modules/complex-number/complex-number_can_Detect_Wrong_Operation_Format</FullName>
			<FullCommandLine>C:\Users\white\source\repos\Dev_tools\devtools-course-practice\dashboard\build\bin\complex-number.exe "1" "1" "2" "3" "+trash"</FullCommandLine>
			<Results>
				<NamedMeasurement type="numeric/double" name="Execution Time">
					<Value>0.0070224</Value>
				</NamedMeasurement>
				<NamedMeasurement type="text/string" name="Pass Reason">
					<Value>Required regular expression found. Regex=[Wrong operation format!]</Value>
				</NamedMeasurement>
				<NamedMeasurement type="numeric/double" name="Processors">
					<Value>1</Value>
				</NamedMeasurement>
				<NamedMeasurement type="text/string" name="Completion Status">
					<Value>Completed</Value>
				</NamedMeasurement>
				<NamedMeasurement type="text/string" name="Command Line">
					<Value>C:\Users\white\source\repos\Dev_tools\devtools-course-practice\dashboard\build\bin\complex-number.exe "1" "1" "2" "3" "+trash"</Value>
				</NamedMeasurement>
				<Measurement>
					<Value>Wrong operation format!
</Value>
				</Measurement>
			</Results>
			<Labels>
				<Label>complex-number</Label>
			</Labels>
		</Test>
		<Test Status="passed">
			<Name>complex-number_can_Add_Complexs</Name>
			<Path>./modules/complex-number</Path>
			<FullName>./modules/complex-number/complex-number_can_Add_Complexs</FullName>
			<FullCommandLine>C:\Users\white\source\repos\Dev_tools\devtools-course-practice\dashboard\build\bin\complex-number.exe "2.5" "4.5" "1.0" "4.5" "+"</FullCommandLine>
			<Results>
				<NamedMeasurement type="numeric/double" name="Execution Time">
					<Value>0.0096799</Value>
				</NamedMeasurement>
				<NamedMeasurement type="text/string" name="Pass Reason">
					<Value>Required regular expression found. Regex=[Real = 3.5 Imaginary = 9]</Value>
				</NamedMeasurement>
				<NamedMeasurement type="numeric/double" name="Processors">
					<Value>1</Value>
				</NamedMeasurement>
				<NamedMeasurement type="text/string" name="Completion Status">
					<Value>Completed</Value>
				</NamedMeasurement>
				<NamedMeasurement type="text/string" name="Command Line">
					<Value>C:\Users\white\source\repos\Dev_tools\devtools-course-practice\dashboard\build\bin\complex-number.exe "2.5" "4.5" "1.0" "4.5" "+"</Value>
				</NamedMeasurement>
				<Measurement>
					<Value>Real = 3.5 Imaginary = 9
</Value>
				</Measurement>
			</Results>
			<Labels>
				<Label>complex-number</Label>
			</Labels>
		</Test>
		<Test Status="passed">
			<Name>complex-number_can_Diff_Complexs</Name>
			<Path>./modules/complex-number</Path>
			<FullName>./modules/complex-number/complex-number_can_Diff_Complexs</FullName>
			<FullCommandLine>C:\Users\white\source\repos\Dev_tools\devtools-course-practice\dashboard\build\bin\complex-number.exe "-17" "0" "15" "-3.5" "-"</FullCommandLine>
			<Results>
				<NamedMeasurement type="numeric/double" name="Execution Time">
					<Value>0.0077994</Value>
				</NamedMeasurement>
				<NamedMeasurement type="text/string" name="Pass Reason">
					<Value>Required regular expression found. Regex=[Real = -32 Imaginary = 3.5]</Value>
				</NamedMeasurement>
				<NamedMeasurement type="numeric/double" name="Processors">
					<Value>1</Value>
				</NamedMeasurement>
				<NamedMeasurement type="text/string" name="Completion Status">
					<Value>Completed</Value>
				</NamedMeasurement>
				<NamedMeasurement type="text/string" name="Command Line">
					<Value>C:\Users\white\source\repos\Dev_tools\devtools-course-practice\dashboard\build\bin\complex-number.exe "-17" "0" "15" "-3.5" "-"</Value>
				</NamedMeasurement>
				<Measurement>
					<Value>Real = -32 Imaginary = 3.5
</Value>
				</Measurement>
			</Results>
			<Labels>
				<Label>complex-number</Label>
			</Labels>
		</Test>
		<Test Status="passed">
			<Name>complex-number_can_Mult_Complexs</Name>
			<Path>./modules/complex-number</Path>
			<FullName>./modules/complex-number/complex-number_can_Mult_Complexs</FullName>
			<FullCommandLine>C:\Users\white\source\repos\Dev_tools\devtools-course-practice\dashboard\build\bin\complex-number.exe "13" "-2" "4.6" "7.3" "*"</FullCommandLine>
			<Results>
				<NamedMeasurement type="numeric/double" name="Execution Time">
					<Value>0.0075658</Value>
				</NamedMeasurement>
				<NamedMeasurement type="text/string" name="Pass Reason">
					<Value>Required regular expression found. Regex=[Real = 74.4 Imaginary = 85.7]</Value>
				</NamedMeasurement>
				<NamedMeasurement type="numeric/double" name="Processors">
					<Value>1</Value>
				</NamedMeasurement>
				<NamedMeasurement type="text/string" name="Completion Status">
					<Value>Completed</Value>
				</NamedMeasurement>
				<NamedMeasurement type="text/string" name="Command Line">
					<Value>C:\Users\white\source\repos\Dev_tools\devtools-course-practice\dashboard\build\bin\complex-number.exe "13" "-2" "4.6" "7.3" "*"</Value>
				</NamedMeasurement>
				<Measurement>
					<Value>Real = 74.4 Imaginary = 85.7
</Value>
				</Measurement>
			</Results>
			<Labels>
				<Label>complex-number</Label>
			</Labels>
		</Test>
		<Test Status="passed">
			<Name>complex-number_can_Divide_Complexs</Name>
			<Path>./modules/complex-number</Path>
			<FullName>./modules/complex-number/complex-number_can_Divide_Complexs</FullName>
			<FullCommandLine>C:\Users\white\source\repos\Dev_tools\devtools-course-practice\dashboard\build\bin\complex-number.exe "27" "30" "15" "20" "/"</FullCommandLine>
			<Results>
				<NamedMeasurement type="numeric/double" name="Execution Time">
					<Value>0.0073857</Value>
				</NamedMeasurement>
				<NamedMeasurement type="text/string" name="Pass Reason">
					<Value>Required regular expression found. Regex=[Real = 1.608 Imaginary = -0.144]</Value>
				</NamedMeasurement>
				<NamedMeasurement type="numeric/double" name="Processors">
					<Value>1</Value>
				</NamedMeasurement>
				<NamedMeasurement type="text/string" name="Completion Status">
					<Value>Completed</Value>
				</NamedMeasurement>
				<NamedMeasurement type="text/string" name="Command Line">
					<Value>C:\Users\white\source\repos\Dev_tools\devtools-course-practice\dashboard\build\bin\complex-number.exe "27" "30" "15" "20" "/"</Value>
				</NamedMeasurement>
				<Measurement>
					<Value>Real = 1.608 Imaginary = -0.144
</Value>
				</Measurement>
			</Results>
			<Labels>
				<Label>complex-number</Label>
			</Labels>
		</Test>
		<Test Status="passed">
			<Name>complex-number_can_Detect_Divide_By_Zero</Name>
			<Path>./modules/complex-number</Path>
			<FullName>./modules/complex-number/complex-number_can_Detect_Divide_By_Zero</FullName>
			<FullCommandLine>C:\Users\white\source\repos\Dev_tools\devtools-course-practice\dashboard\build\bin\complex-number.exe "27" "30" "0" "0" "/"</FullCommandLine>
			<Results>
				<NamedMeasurement type="numeric/double" name="Execution Time">
					<Value>0.0077427</Value>
				</NamedMeasurement>
				<NamedMeasurement type="text/string" name="Pass Reason">
					<Value>Required regular expression found. Regex=[Can't divide by zero]</Value>
				</NamedMeasurement>
				<NamedMeasurement type="numeric/double" name="Processors">
					<Value>1</Value>
				</NamedMeasurement>
				<NamedMeasurement type="text/string" name="Completion Status">
					<Value>Completed</Value>
				</NamedMeasurement>
				<NamedMeasurement type="text/string" name="Command Line">
					<Value>C:\Users\white\source\repos\Dev_tools\devtools-course-practice\dashboard\build\bin\complex-number.exe "27" "30" "0" "0" "/"</Value>
				</NamedMeasurement>
				<Measurement>
					<Value>Can't divide by zero
</Value>
				</Measurement>
			</Results>
			<Labels>
				<Label>complex-number</Label>
			</Labels>
		</Test>
		<Test Status="passed">
			<Name>complex-number_gtest</Name>
			<Path>./modules/complex-number/test</Path>
			<FullName>./modules/complex-number/test/complex-number_gtest</FullName>
			<FullCommandLine>C:\Users\white\source\repos\Dev_tools\devtools-course-practice\dashboard\build\bin\test_complex-number.exe</FullCommandLine>
			<Results>
				<NamedMeasurement type="numeric/double" name="Execution Time">
					<Value>0.0874402</Value>
				</NamedMeasurement>
				<NamedMeasurement type="numeric/double" name="Processors">
					<Value>1</Value>
				</NamedMeasurement>
				<NamedMeasurement type="text/string" name="Completion Status">
					<Value>Completed</Value>
				</NamedMeasurement>
				<NamedMeasurement type="text/string" name="Command Line">
					<Value>C:\Users\white\source\repos\Dev_tools\devtools-course-practice\dashboard\build\bin\test_complex-number.exe</Value>
				</NamedMeasurement>
				<Measurement>
					<Value encoding="base64" compression="gzip">eJydlE1rwzAMhu/5FTpuh4a2+4AddhjtKGPQjJKdSg9OoiYGf2SW3DX79csHlK2jA0cnG72P9NpG3j6eYgcbb4w0JczvHoCRmGDvrIab+34HuSCkONpOTrGDlbKZUEMezUE6azQaBkKe+PpMPJv/LLsUhippVgqzhdW1wuPa6wxd2kqiLWze19DH7l9lvMS98IoX1hA7n7N1LTxE8hoOw9UUNF0HGHgTTmhkdPILi3E2LpUIN7OwdTPOwxkZ3vqJSJb96yc1OhHW/S8cbuD5wwsluRnR/hwdd/F9FUpt4mQpTeDd/4bDDbwYHHH+OI6jtEJw3QDbPXC77ofZeq49w6egNqftAQsgaXIE2Q76MUcsaBBXLVpZVXT0bDq/hazh7pv4Bim7emU=</Value>
				</Measurement>
			</Results>
			<Labels>
				<Label>complex-number</Label>
			</Labels>
		</Test>
		<EndDateTime>Mar 30 17:14 RTZ 2 (ceia)</EndDateTime>
		<EndTestTime>1648649646</EndTestTime>
		<ElapsedMinutes>0</ElapsedMinutes>
	</Testing>
</Site>
